\BOOKMARK [1][-]{section.1}{\376\377\000I\000n\000t\000r\000o\000d\000u\000c\000t\000i\000o\000n}{}% 1
\BOOKMARK [2][-]{subsection.1.1}{\376\377\000M\000o\000t\000i\000v\000a\000t\000i\000o\000n}{section.1}% 2
\BOOKMARK [2][-]{subsection.1.2}{\376\377\000R\000e\000s\000e\000a\000r\000c\000h\000\040\000G\000a\000p}{section.1}% 3
\BOOKMARK [2][-]{subsection.1.3}{\376\377\000C\000o\000n\000t\000r\000i\000b\000u\000t\000i\000o\000n\000s}{section.1}% 4
\BOOKMARK [1][-]{section.2}{\376\377\000B\000a\000c\000k\000g\000r\000o\000u\000n\000d\000\040\000a\000n\000d\000\040\000L\000i\000t\000e\000r\000a\000t\000u\000r\000e\000\040\000R\000e\000v\000i\000e\000w}{}% 5
\BOOKMARK [2][-]{subsection.2.1}{\376\377\000W\000a\000s\000t\000e\000w\000a\000t\000e\000r\000\040\000S\000p\000i\000l\000l\000\040\000R\000i\000s\000k\000\040\000a\000n\000d\000\040\000U\000t\000i\000l\000i\000t\000y\000\040\000M\000a\000n\000a\000g\000e\000m\000e\000n\000t}{section.2}% 6
\BOOKMARK [2][-]{subsection.2.2}{\376\377\000P\000r\000o\000b\000a\000b\000i\000l\000i\000s\000t\000i\000c\000\040\000R\000i\000s\000k\000\040\000A\000s\000s\000e\000s\000s\000m\000e\000n\000t\000\040\000\050\000P\000R\000A\000\051}{section.2}% 7
\BOOKMARK [2][-]{subsection.2.3}{\376\377\000D\000e\000c\000i\000s\000i\000o\000n\000\040\000A\000n\000a\000l\000y\000s\000i\000s\000\040\000a\000n\000d\000\040\000R\000i\000s\000k\000\040\000A\000v\000e\000r\000s\000i\000o\000n}{section.2}% 8
\BOOKMARK [2][-]{subsection.2.4}{\376\377\000I\000n\000f\000r\000a\000s\000t\000r\000u\000c\000t\000u\000r\000e\000\040\000I\000n\000v\000e\000s\000t\000m\000e\000n\000t\000\040\000O\000p\000t\000i\000m\000i\000z\000a\000t\000i\000o\000n}{section.2}% 9
\BOOKMARK [1][-]{section.3}{\376\377\000S\000y\000s\000t\000e\000m\000\040\000D\000e\000s\000c\000r\000i\000p\000t\000i\000o\000n\000\040\000a\000n\000d\000\040\000P\000r\000o\000b\000l\000e\000m\000\040\000F\000o\000r\000m\000u\000l\000a\000t\000i\000o\000n}{}% 10
\BOOKMARK [2][-]{subsection.3.1}{\376\377\000C\000a\000r\000m\000e\000l\000\040\000A\000r\000e\000a\000\040\000W\000a\000s\000t\000e\000w\000a\000t\000e\000r\000\040\000D\000i\000s\000t\000r\000i\000c\000t}{section.3}% 11
\BOOKMARK [2][-]{subsection.3.2}{\376\377\000F\000a\000i\000l\000u\000r\000e\000\040\000M\000o\000d\000e\000s}{section.3}% 12
\BOOKMARK [2][-]{subsection.3.3}{\376\377\000S\000p\000i\000l\000l\000\040\000S\000e\000v\000e\000r\000i\000t\000y\000\040\000C\000a\000t\000e\000g\000o\000r\000i\000e\000s}{section.3}% 13
\BOOKMARK [2][-]{subsection.3.4}{\376\377\000D\000e\000c\000i\000s\000i\000o\000n\000\040\000V\000a\000r\000i\000a\000b\000l\000e\000s}{section.3}% 14
\BOOKMARK [1][-]{section.4}{\376\377\000D\000a\000t\000a\000\040\000\046\000\040\000M\000e\000t\000h\000o\000d\000s}{}% 15
\BOOKMARK [2][-]{subsection.4.1}{\376\377\000D\000a\000t\000a\000\040\000S\000o\000u\000r\000c\000e\000s}{section.4}% 16
\BOOKMARK [2][-]{subsection.4.2}{\376\377\000P\000r\000o\000b\000a\000b\000i\000l\000i\000s\000t\000i\000c\000\040\000R\000i\000s\000k\000\040\000A\000s\000s\000e\000s\000s\000m\000e\000n\000t\000\040\000F\000r\000a\000m\000e\000w\000o\000r\000k}{section.4}% 17
\BOOKMARK [3][-]{subsubsection.4.2.1}{\376\377\000B\000a\000s\000e\000l\000i\000n\000e\000\040\000S\000p\000i\000l\000l\000\040\000R\000a\000t\000e\000\040\000E\000s\000t\000i\000m\000a\000t\000i\000o\000n}{subsection.4.2}% 18
\BOOKMARK [3][-]{subsubsection.4.2.2}{\376\377\000S\000p\000a\000r\000s\000e\000-\000M\000o\000d\000e\000\040\000O\000p\000e\000r\000a\000t\000i\000o\000n\000a\000l\000\040\000P\000r\000i\000o\000r\000s}{subsection.4.2}% 19
\BOOKMARK [3][-]{subsubsection.4.2.3}{\376\377\000S\000p\000i\000l\000l\000\040\000O\000c\000c\000u\000r\000r\000e\000n\000c\000e\000\040\000M\000o\000d\000e\000l}{subsection.4.2}% 20
\BOOKMARK [3][-]{subsubsection.4.2.4}{\376\377\000S\000e\000v\000e\000r\000i\000t\000y\000\040\000a\000n\000d\000\040\000V\000o\000l\000u\000m\000e\000\040\000M\000o\000d\000e\000l\000i\000n\000g}{subsection.4.2}% 21
\BOOKMARK [3][-]{subsubsection.4.2.5}{\376\377\000S\000p\000i\000l\000l\000\040\000C\000o\000s\000t\000\040\000M\000o\000d\000e\000l}{subsection.4.2}% 22
\BOOKMARK [1][-]{section.5}{\376\377\000I\000n\000v\000e\000s\000t\000m\000e\000n\000t\000-\000D\000e\000p\000e\000n\000d\000e\000n\000t\000\040\000F\000a\000i\000l\000u\000r\000e\000\040\000M\000o\000d\000e\000l\000i\000n\000g}{}% 23
\BOOKMARK [2][-]{subsection.5.1}{\376\377\000S\000A\000M\000-\000B\000a\000s\000e\000d\000\040\000R\000i\000s\000k\000\040\000R\000e\000d\000u\000c\000t\000i\000o\000n\000\040\000S\000t\000r\000u\000c\000t\000u\000r\000e}{section.5}% 24
\BOOKMARK [2][-]{subsection.5.2}{\376\377\000E\000f\000f\000e\000c\000t\000i\000v\000e\000n\000e\000s\000s\000\040\000M\000a\000t\000r\000i\000x}{section.5}% 25
\BOOKMARK [2][-]{subsection.5.3}{\376\377\000I\000n\000v\000e\000s\000t\000m\000e\000n\000t\000-\000D\000e\000p\000e\000n\000d\000e\000n\000t\000\040\000S\000p\000i\000l\000l\000\040\000R\000a\000t\000e\000s}{section.5}% 26
\BOOKMARK [1][-]{section.6}{\376\377\000R\000i\000s\000k\000-\000A\000v\000e\000r\000s\000e\000\040\000O\000p\000t\000i\000m\000i\000z\000a\000t\000i\000o\000n\000\040\000F\000r\000a\000m\000e\000w\000o\000r\000k}{}% 27
\BOOKMARK [2][-]{subsection.6.1}{\376\377\000M\000o\000t\000i\000v\000a\000t\000i\000o\000n\000\040\000f\000o\000r\000\040\000R\000i\000s\000k\000\040\000A\000v\000e\000r\000s\000i\000o\000n}{section.6}% 28
\BOOKMARK [2][-]{subsection.6.2}{\376\377\000M\000o\000n\000t\000e\000\040\000C\000a\000r\000l\000o\000\040\000S\000p\000i\000l\000l\000-\000C\000o\000s\000t\000\040\000S\000i\000m\000u\000l\000a\000t\000i\000o\000n}{section.6}% 29
\BOOKMARK [2][-]{subsection.6.3}{\376\377\000R\000i\000s\000k\000-\000A\000v\000e\000r\000s\000e\000\040\000O\000p\000t\000i\000m\000i\000z\000a\000t\000i\000o\000n}{section.6}% 30
\BOOKMARK [2][-]{subsection.6.4}{\376\377\000S\000t\000o\000c\000h\000a\000s\000t\000i\000c\000\040\000D\000o\000m\000i\000n\000a\000n\000c\000e\000\040\000C\000o\000m\000p\000a\000r\000i\000s\000o\000n\000s}{section.6}% 31
\BOOKMARK [2][-]{subsection.6.5}{\376\377\000L\000i\000t\000e\000r\000a\000t\000u\000r\000e\000\040\000B\000a\000s\000i\000s}{section.6}% 32
\BOOKMARK [1][-]{section.7}{\376\377\000M\000o\000n\000t\000e\000\040\000C\000a\000r\000l\000o\000\040\000S\000i\000m\000u\000l\000a\000t\000i\000o\000n\000\040\000F\000r\000a\000m\000e\000w\000o\000r\000k}{}% 33
\BOOKMARK [2][-]{subsection.7.1}{\376\377\000S\000i\000m\000u\000l\000a\000t\000i\000o\000n\000\040\000C\000o\000n\000f\000i\000g\000u\000r\000a\000t\000i\000o\000n}{section.7}% 34
\BOOKMARK [2][-]{subsection.7.2}{\376\377\000S\000i\000m\000u\000l\000a\000t\000i\000o\000n\000\040\000A\000l\000g\000o\000r\000i\000t\000h\000m}{section.7}% 35
\BOOKMARK [2][-]{subsection.7.3}{\376\377\000S\000c\000e\000n\000a\000r\000i\000o\000\040\000A\000n\000a\000l\000y\000s\000i\000s}{section.7}% 36
\BOOKMARK [1][-]{section.8}{\376\377\000C\000a\000s\000e\000\040\000S\000t\000u\000d\000y\000\040\000R\000e\000s\000u\000l\000t\000s}{}% 37
\BOOKMARK [2][-]{subsection.8.1}{\376\377\000H\000i\000s\000t\000o\000r\000i\000c\000a\000l\000\040\000S\000p\000i\000l\000l\000\040\000R\000e\000c\000l\000a\000s\000s\000i\000f\000i\000c\000a\000t\000i\000o\000n}{section.8}% 38
\BOOKMARK [2][-]{subsection.8.2}{\376\377\000B\000a\000s\000e\000l\000i\000n\000e\000\040\000S\000p\000i\000l\000l\000\040\000R\000a\000t\000e\000s}{section.8}% 39
\BOOKMARK [2][-]{subsection.8.3}{\376\377\000S\000e\000v\000e\000r\000i\000t\000y\000\040\000O\000u\000t\000c\000o\000m\000e\000s}{section.8}% 40
\BOOKMARK [2][-]{subsection.8.4}{\376\377\000O\000p\000t\000i\000m\000i\000z\000e\000d\000\040\000A\000l\000l\000o\000c\000a\000t\000i\000o\000n\000s}{section.8}% 41
\BOOKMARK [2][-]{subsection.8.5}{\376\377\000R\000i\000s\000k\000-\000A\000v\000e\000r\000s\000e\000\040\000M\000o\000n\000t\000e\000\040\000C\000a\000r\000l\000o\000\040\000R\000e\000s\000u\000l\000t\000s}{section.8}% 42
\BOOKMARK [1][-]{section.9}{\376\377\000S\000e\000n\000s\000i\000t\000i\000v\000i\000t\000y\000\040\000a\000n\000d\000\040\000U\000n\000c\000e\000r\000t\000a\000i\000n\000t\000y\000\040\000A\000n\000a\000l\000y\000s\000i\000s}{}% 43
\BOOKMARK [2][-]{subsection.9.1}{\376\377\000B\000u\000d\000g\000e\000t\000\040\000T\000h\000r\000e\000s\000h\000o\000l\000d\000:\000\040\000W\000h\000e\000n\000\040\000D\000o\000e\000s\000\040\000a\000\040\000S\000e\000c\000o\000n\000d\000\040\000L\000e\000v\000e\000r\000\040\000E\000n\000t\000e\000r\000\040\000t\000h\000e\000\040\000S\000o\000l\000u\000t\000i\000o\000n\000?}{section.9}% 44
\BOOKMARK [2][-]{subsection.9.2}{\376\377\000M\000a\000i\000n\000t\000e\000n\000a\000n\000c\000e\000\040\000C\000a\000p\000:\000\040\000I\000n\000v\000e\000s\000t\000m\000e\000n\000t\000\040\000R\000e\000a\000l\000l\000o\000c\000a\000t\000i\000o\000n\000\040\000u\000n\000d\000e\000r\000\040\000C\000o\000n\000s\000t\000r\000a\000i\000n\000t}{section.9}% 45
\BOOKMARK [2][-]{subsection.9.3}{\376\377\000T\000o\000r\000n\000a\000d\000o\000\040\000D\000i\000a\000g\000r\000a\000m\000:\000\040\000C\000o\000s\000t\000\040\000S\000e\000n\000s\000i\000t\000i\000v\000i\000t\000y\000\040\000t\000o\000\040\000E\000x\000t\000r\000e\000m\000e\000\040\000A\000s\000s\000u\000m\000p\000t\000i\000o\000n\000s}{section.9}% 46
\BOOKMARK [1][-]{section.10}{\376\377\000D\000i\000s\000c\000u\000s\000s\000i\000o\000n}{}% 47
\BOOKMARK [2][-]{subsection.10.1}{\376\377\000L\000i\000m\000i\000t\000a\000t\000i\000o\000n\000s}{section.10}% 48
\BOOKMARK [2][-]{subsection.10.2}{\376\377\000F\000u\000t\000u\000r\000e\000\040\000W\000o\000r\000k}{section.10}% 49
\BOOKMARK [1][-]{section.11}{\376\377\000C\000o\000n\000c\000l\000u\000s\000i\000o\000n\000s}{}% 50
\BOOKMARK [1][-]{appendix.A}{\376\377\000M\000o\000n\000t\000e\000\040\000C\000a\000r\000l\000o\000\040\000A\000l\000g\000o\000r\000i\000t\000h\000m}{}% 51
\BOOKMARK [1][-]{appendix.B}{\376\377\000S\000u\000p\000p\000l\000e\000m\000e\000n\000t\000a\000r\000y\000\040\000T\000a\000b\000l\000e\000s}{}% 52
